{"D:\\Fakhri\\Work\\Lamaran Tugas\\NuTech\\Muhammad Fakhri-Tugas API\\src\\app.js": {"path":"D:\\Fakhri\\Work\\Lamaran Tugas\\NuTech\\Muhammad Fakhri-Tugas API\\src\\app.js","statementMap":{"0":{"start":{"line":7,"column":12},"end":{"line":7,"column":21}},"1":{"start":{"line":10,"column":0},"end":{"line":10,"column":24}},"2":{"start":{"line":11,"column":0},"end":{"line":14,"column":4}},"3":{"start":{"line":17,"column":0},"end":{"line":17,"column":31}},"4":{"start":{"line":18,"column":0},"end":{"line":18,"column":32}},"5":{"start":{"line":19,"column":0},"end":{"line":19,"column":32}},"6":{"start":{"line":21,"column":0},"end":{"line":23,"column":2}},"7":{"start":{"line":22,"column":4},"end":{"line":22,"column":52}}},"fnMap":{"0":{"name":"(anonymous_0)","decl":{"start":{"line":21,"column":13},"end":{"line":21,"column":14}},"loc":{"start":{"line":21,"column":24},"end":{"line":23,"column":1}},"line":21}},"branchMap":{},"s":{"0":5,"1":5,"2":5,"3":5,"4":5,"5":5,"6":5,"7":2},"f":{"0":2},"b":{},"_coverageSchema":"1a1c01bbd47fc00a2c39e90264f33305004495a9","hash":"0fcaac0709d6987f9de287e24dce13163dc87213"}
,"D:\\Fakhri\\Work\\Lamaran Tugas\\NuTech\\Muhammad Fakhri-Tugas API\\src\\controller\\information.controller.js": {"path":"D:\\Fakhri\\Work\\Lamaran Tugas\\NuTech\\Muhammad Fakhri-Tugas API\\src\\controller\\information.controller.js","statementMap":{"0":{"start":{"line":4,"column":37},"end":{"line":24,"column":1}},"1":{"start":{"line":6,"column":4},"end":{"line":12,"column":5}},"2":{"start":{"line":8,"column":21},"end":{"line":8,"column":57}},"3":{"start":{"line":9,"column":6},"end":{"line":9,"column":55}},"4":{"start":{"line":11,"column":6},"end":{"line":11,"column":70}},"5":{"start":{"line":16,"column":4},"end":{"line":22,"column":5}},"6":{"start":{"line":18,"column":23},"end":{"line":18,"column":60}},"7":{"start":{"line":19,"column":6},"end":{"line":19,"column":57}},"8":{"start":{"line":21,"column":6},"end":{"line":21,"column":70}}},"fnMap":{"0":{"name":"(anonymous_0)","decl":{"start":{"line":5,"column":2},"end":{"line":5,"column":3}},"loc":{"start":{"line":5,"column":29},"end":{"line":13,"column":3}},"line":5},"1":{"name":"(anonymous_1)","decl":{"start":{"line":15,"column":2},"end":{"line":15,"column":3}},"loc":{"start":{"line":15,"column":30},"end":{"line":23,"column":3}},"line":15}},"branchMap":{},"s":{"0":5,"1":5,"2":5,"3":0,"4":5,"5":0,"6":0,"7":0,"8":0},"f":{"0":5,"1":0},"b":{},"_coverageSchema":"1a1c01bbd47fc00a2c39e90264f33305004495a9","hash":"2db2477af39c59ad3ecc0e964ae0b737a9e6c311"}
,"D:\\Fakhri\\Work\\Lamaran Tugas\\NuTech\\Muhammad Fakhri-Tugas API\\src\\controller\\membership.controller.js": {"path":"D:\\Fakhri\\Work\\Lamaran Tugas\\NuTech\\Muhammad Fakhri-Tugas API\\src\\controller\\membership.controller.js","statementMap":{"0":{"start":{"line":9,"column":36},"end":{"line":180,"column":1}},"1":{"start":{"line":11,"column":4},"end":{"line":53,"column":5}},"2":{"start":{"line":12,"column":57},"end":{"line":12,"column":65}},"3":{"start":{"line":14,"column":29},"end":{"line":14,"column":71}},"4":{"start":{"line":17,"column":6},"end":{"line":21,"column":7}},"5":{"start":{"line":18,"column":8},"end":{"line":20,"column":9}},"6":{"start":{"line":19,"column":10},"end":{"line":19,"column":78}},"7":{"start":{"line":24,"column":6},"end":{"line":26,"column":7}},"8":{"start":{"line":25,"column":8},"end":{"line":25,"column":82}},"9":{"start":{"line":28,"column":6},"end":{"line":30,"column":7}},"10":{"start":{"line":29,"column":8},"end":{"line":29,"column":82}},"11":{"start":{"line":33,"column":27},"end":{"line":33,"column":71}},"12":{"start":{"line":34,"column":6},"end":{"line":36,"column":7}},"13":{"start":{"line":35,"column":8},"end":{"line":35,"column":69}},"14":{"start":{"line":39,"column":19},"end":{"line":39,"column":43}},"15":{"start":{"line":40,"column":29},"end":{"line":40,"column":62}},"16":{"start":{"line":43,"column":6},"end":{"line":48,"column":9}},"17":{"start":{"line":50,"column":6},"end":{"line":50,"column":81}},"18":{"start":{"line":52,"column":6},"end":{"line":52,"column":70}},"19":{"start":{"line":57,"column":4},"end":{"line":91,"column":5}},"20":{"start":{"line":58,"column":34},"end":{"line":58,"column":42}},"21":{"start":{"line":60,"column":29},"end":{"line":60,"column":48}},"22":{"start":{"line":63,"column":6},"end":{"line":67,"column":7}},"23":{"start":{"line":64,"column":8},"end":{"line":66,"column":9}},"24":{"start":{"line":65,"column":10},"end":{"line":65,"column":78}},"25":{"start":{"line":70,"column":6},"end":{"line":72,"column":7}},"26":{"start":{"line":71,"column":8},"end":{"line":71,"column":90}},"27":{"start":{"line":74,"column":6},"end":{"line":76,"column":7}},"28":{"start":{"line":75,"column":8},"end":{"line":75,"column":82}},"29":{"start":{"line":79,"column":19},"end":{"line":79,"column":68}},"30":{"start":{"line":81,"column":6},"end":{"line":83,"column":7}},"31":{"start":{"line":82,"column":8},"end":{"line":82,"column":76}},"32":{"start":{"line":86,"column":20},"end":{"line":86,"column":40}},"33":{"start":{"line":88,"column":6},"end":{"line":88,"column":73}},"34":{"start":{"line":90,"column":6},"end":{"line":90,"column":75}},"35":{"start":{"line":95,"column":4},"end":{"line":107,"column":5}},"36":{"start":{"line":96,"column":20},"end":{"line":96,"column":33}},"37":{"start":{"line":99,"column":26},"end":{"line":99,"column":65}},"38":{"start":{"line":100,"column":6},"end":{"line":102,"column":7}},"39":{"start":{"line":101,"column":8},"end":{"line":101,"column":69}},"40":{"start":{"line":104,"column":6},"end":{"line":104,"column":60}},"41":{"start":{"line":106,"column":6},"end":{"line":106,"column":75}},"42":{"start":{"line":111,"column":4},"end":{"line":136,"column":5}},"43":{"start":{"line":112,"column":20},"end":{"line":112,"column":33}},"44":{"start":{"line":113,"column":40},"end":{"line":113,"column":48}},"45":{"start":{"line":116,"column":6},"end":{"line":118,"column":7}},"46":{"start":{"line":117,"column":8},"end":{"line":117,"column":84}},"47":{"start":{"line":121,"column":29},"end":{"line":124,"column":8}},"48":{"start":{"line":127,"column":6},"end":{"line":129,"column":7}},"49":{"start":{"line":128,"column":8},"end":{"line":128,"column":68}},"50":{"start":{"line":131,"column":6},"end":{"line":131,"column":34}},"51":{"start":{"line":133,"column":6},"end":{"line":133,"column":80}},"52":{"start":{"line":135,"column":6},"end":{"line":135,"column":76}},"53":{"start":{"line":140,"column":4},"end":{"line":178,"column":5}},"54":{"start":{"line":141,"column":19},"end":{"line":141,"column":27}},"55":{"start":{"line":144,"column":6},"end":{"line":146,"column":7}},"56":{"start":{"line":145,"column":8},"end":{"line":145,"column":77}},"57":{"start":{"line":149,"column":22},"end":{"line":152,"column":8}},"58":{"start":{"line":154,"column":6},"end":{"line":156,"column":7}},"59":{"start":{"line":155,"column":8},"end":{"line":155,"column":73}},"60":{"start":{"line":159,"column":23},"end":{"line":165,"column":8}},"61":{"start":{"line":160,"column":23},"end":{"line":163,"column":9}},"62":{"start":{"line":162,"column":28},"end":{"line":162,"column":74}},"63":{"start":{"line":164,"column":8},"end":{"line":164,"column":32}},"64":{"start":{"line":168,"column":22},"end":{"line":171,"column":7}},"65":{"start":{"line":173,"column":6},"end":{"line":173,"column":27}},"66":{"start":{"line":175,"column":6},"end":{"line":175,"column":79}},"67":{"start":{"line":177,"column":6},"end":{"line":177,"column":70}}},"fnMap":{"0":{"name":"(anonymous_0)","decl":{"start":{"line":10,"column":2},"end":{"line":10,"column":3}},"loc":{"start":{"line":10,"column":27},"end":{"line":54,"column":3}},"line":10},"1":{"name":"(anonymous_1)","decl":{"start":{"line":56,"column":2},"end":{"line":56,"column":3}},"loc":{"start":{"line":56,"column":24},"end":{"line":92,"column":3}},"line":56},"2":{"name":"(anonymous_2)","decl":{"start":{"line":94,"column":2},"end":{"line":94,"column":3}},"loc":{"start":{"line":94,"column":29},"end":{"line":108,"column":3}},"line":94},"3":{"name":"(anonymous_3)","decl":{"start":{"line":110,"column":2},"end":{"line":110,"column":3}},"loc":{"start":{"line":110,"column":32},"end":{"line":137,"column":3}},"line":110},"4":{"name":"(anonymous_4)","decl":{"start":{"line":139,"column":2},"end":{"line":139,"column":3}},"loc":{"start":{"line":139,"column":37},"end":{"line":179,"column":3}},"line":139},"5":{"name":"(anonymous_5)","decl":{"start":{"line":159,"column":41},"end":{"line":159,"column":42}},"loc":{"start":{"line":159,"column":62},"end":{"line":165,"column":7}},"line":159},"6":{"name":"(anonymous_6)","decl":{"start":{"line":162,"column":10},"end":{"line":162,"column":11}},"loc":{"start":{"line":162,"column":28},"end":{"line":162,"column":74}},"line":162}},"branchMap":{"0":{"loc":{"start":{"line":18,"column":8},"end":{"line":20,"column":9}},"type":"if","locations":[{"start":{"line":18,"column":8},"end":{"line":20,"column":9}},{"start":{},"end":{}}],"line":18},"1":{"loc":{"start":{"line":18,"column":12},"end":{"line":18,"column":49}},"type":"binary-expr","locations":[{"start":{"line":18,"column":12},"end":{"line":18,"column":18}},{"start":{"line":18,"column":22},"end":{"line":18,"column":49}}],"line":18},"2":{"loc":{"start":{"line":24,"column":6},"end":{"line":26,"column":7}},"type":"if","locations":[{"start":{"line":24,"column":6},"end":{"line":26,"column":7}},{"start":{},"end":{}}],"line":24},"3":{"loc":{"start":{"line":28,"column":6},"end":{"line":30,"column":7}},"type":"if","locations":[{"start":{"line":28,"column":6},"end":{"line":30,"column":7}},{"start":{},"end":{}}],"line":28},"4":{"loc":{"start":{"line":34,"column":6},"end":{"line":36,"column":7}},"type":"if","locations":[{"start":{"line":34,"column":6},"end":{"line":36,"column":7}},{"start":{},"end":{}}],"line":34},"5":{"loc":{"start":{"line":64,"column":8},"end":{"line":66,"column":9}},"type":"if","locations":[{"start":{"line":64,"column":8},"end":{"line":66,"column":9}},{"start":{},"end":{}}],"line":64},"6":{"loc":{"start":{"line":64,"column":12},"end":{"line":64,"column":49}},"type":"binary-expr","locations":[{"start":{"line":64,"column":12},"end":{"line":64,"column":18}},{"start":{"line":64,"column":22},"end":{"line":64,"column":49}}],"line":64},"7":{"loc":{"start":{"line":70,"column":6},"end":{"line":72,"column":7}},"type":"if","locations":[{"start":{"line":70,"column":6},"end":{"line":72,"column":7}},{"start":{},"end":{}}],"line":70},"8":{"loc":{"start":{"line":70,"column":10},"end":{"line":70,"column":29}},"type":"binary-expr","locations":[{"start":{"line":70,"column":10},"end":{"line":70,"column":16}},{"start":{"line":70,"column":20},"end":{"line":70,"column":29}}],"line":70},"9":{"loc":{"start":{"line":74,"column":6},"end":{"line":76,"column":7}},"type":"if","locations":[{"start":{"line":74,"column":6},"end":{"line":76,"column":7}},{"start":{},"end":{}}],"line":74},"10":{"loc":{"start":{"line":81,"column":6},"end":{"line":83,"column":7}},"type":"if","locations":[{"start":{"line":81,"column":6},"end":{"line":83,"column":7}},{"start":{},"end":{}}],"line":81},"11":{"loc":{"start":{"line":100,"column":6},"end":{"line":102,"column":7}},"type":"if","locations":[{"start":{"line":100,"column":6},"end":{"line":102,"column":7}},{"start":{},"end":{}}],"line":100},"12":{"loc":{"start":{"line":116,"column":6},"end":{"line":118,"column":7}},"type":"if","locations":[{"start":{"line":116,"column":6},"end":{"line":118,"column":7}},{"start":{},"end":{}}],"line":116},"13":{"loc":{"start":{"line":116,"column":10},"end":{"line":116,"column":35}},"type":"binary-expr","locations":[{"start":{"line":116,"column":10},"end":{"line":116,"column":21}},{"start":{"line":116,"column":25},"end":{"line":116,"column":35}}],"line":116},"14":{"loc":{"start":{"line":127,"column":6},"end":{"line":129,"column":7}},"type":"if","locations":[{"start":{"line":127,"column":6},"end":{"line":129,"column":7}},{"start":{},"end":{}}],"line":127},"15":{"loc":{"start":{"line":144,"column":6},"end":{"line":146,"column":7}},"type":"if","locations":[{"start":{"line":144,"column":6},"end":{"line":146,"column":7}},{"start":{},"end":{}}],"line":144},"16":{"loc":{"start":{"line":154,"column":6},"end":{"line":156,"column":7}},"type":"if","locations":[{"start":{"line":154,"column":6},"end":{"line":156,"column":7}},{"start":{},"end":{}}],"line":154},"17":{"loc":{"start":{"line":162,"column":28},"end":{"line":162,"column":74}},"type":"cond-expr","locations":[{"start":{"line":162,"column":34},"end":{"line":162,"column":45}},{"start":{"line":162,"column":48},"end":{"line":162,"column":74}}],"line":162}},"s":{"0":5,"1":9,"2":9,"3":9,"4":9,"5":24,"6":6,"7":3,"8":1,"9":2,"10":1,"11":1,"12":0,"13":0,"14":0,"15":0,"16":0,"17":0,"18":1,"19":5,"20":5,"21":5,"22":5,"23":8,"24":3,"25":2,"26":0,"27":2,"28":1,"29":1,"30":0,"31":0,"32":0,"33":0,"34":1,"35":0,"36":0,"37":0,"38":0,"39":0,"40":0,"41":0,"42":0,"43":0,"44":0,"45":0,"46":0,"47":0,"48":0,"49":0,"50":0,"51":0,"52":0,"53":0,"54":0,"55":0,"56":0,"57":0,"58":0,"59":0,"60":0,"61":0,"62":0,"63":0,"64":0,"65":0,"66":0,"67":0},"f":{"0":9,"1":5,"2":0,"3":0,"4":0,"5":0,"6":0},"b":{"0":[6,18],"1":[24,18],"2":[1,2],"3":[1,1],"4":[0,0],"5":[3,5],"6":[8,5],"7":[0,2],"8":[2,2],"9":[1,1],"10":[0,0],"11":[0,0],"12":[0,0],"13":[0,0],"14":[0,0],"15":[0,0],"16":[0,0],"17":[0,0]},"_coverageSchema":"1a1c01bbd47fc00a2c39e90264f33305004495a9","hash":"acb1e6858a3942da0f83acb5d629bbd60733ac33"}
,"D:\\Fakhri\\Work\\Lamaran Tugas\\NuTech\\Muhammad Fakhri-Tugas API\\src\\controller\\transaction.controller.js": {"path":"D:\\Fakhri\\Work\\Lamaran Tugas\\NuTech\\Muhammad Fakhri-Tugas API\\src\\controller\\transaction.controller.js","statementMap":{"0":{"start":{"line":5,"column":37},"end":{"line":202,"column":1}},"1":{"start":{"line":7,"column":4},"end":{"line":20,"column":5}},"2":{"start":{"line":8,"column":20},"end":{"line":8,"column":33}},"3":{"start":{"line":11,"column":26},"end":{"line":11,"column":73}},"4":{"start":{"line":12,"column":6},"end":{"line":14,"column":7}},"5":{"start":{"line":13,"column":8},"end":{"line":13,"column":67}},"6":{"start":{"line":16,"column":6},"end":{"line":16,"column":74}},"7":{"start":{"line":19,"column":6},"end":{"line":19,"column":75}},"8":{"start":{"line":24,"column":19},"end":{"line":24,"column":53}},"9":{"start":{"line":26,"column":4},"end":{"line":89,"column":5}},"10":{"start":{"line":27,"column":20},"end":{"line":27,"column":33}},"11":{"start":{"line":28,"column":32},"end":{"line":28,"column":46}},"12":{"start":{"line":31,"column":6},"end":{"line":33,"column":7}},"13":{"start":{"line":32,"column":8},"end":{"line":32,"column":83}},"14":{"start":{"line":36,"column":6},"end":{"line":38,"column":7}},"15":{"start":{"line":37,"column":8},"end":{"line":37,"column":124}},"16":{"start":{"line":41,"column":6},"end":{"line":41,"column":34}},"17":{"start":{"line":44,"column":19},"end":{"line":47,"column":7}},"18":{"start":{"line":49,"column":6},"end":{"line":52,"column":7}},"19":{"start":{"line":50,"column":8},"end":{"line":50,"column":39}},"20":{"start":{"line":51,"column":8},"end":{"line":51,"column":68}},"21":{"start":{"line":55,"column":28},"end":{"line":55,"column":51}},"22":{"start":{"line":58,"column":6},"end":{"line":67,"column":8}},"23":{"start":{"line":70,"column":29},"end":{"line":70,"column":53}},"24":{"start":{"line":71,"column":25},"end":{"line":71,"column":55}},"25":{"start":{"line":72,"column":26},"end":{"line":76,"column":7}},"26":{"start":{"line":79,"column":6},"end":{"line":79,"column":35}},"27":{"start":{"line":81,"column":6},"end":{"line":83,"column":9}},"28":{"start":{"line":85,"column":8},"end":{"line":85,"column":39}},"29":{"start":{"line":86,"column":8},"end":{"line":86,"column":77}},"30":{"start":{"line":88,"column":8},"end":{"line":88,"column":25}},"31":{"start":{"line":93,"column":19},"end":{"line":93,"column":53}},"32":{"start":{"line":95,"column":4},"end":{"line":171,"column":5}},"33":{"start":{"line":96,"column":20},"end":{"line":96,"column":33}},"34":{"start":{"line":97,"column":31},"end":{"line":97,"column":39}},"35":{"start":{"line":100,"column":6},"end":{"line":102,"column":7}},"36":{"start":{"line":101,"column":8},"end":{"line":101,"column":82}},"37":{"start":{"line":105,"column":22},"end":{"line":105,"column":75}},"38":{"start":{"line":106,"column":6},"end":{"line":108,"column":7}},"39":{"start":{"line":107,"column":8},"end":{"line":107,"column":84}},"40":{"start":{"line":111,"column":21},"end":{"line":111,"column":54}},"41":{"start":{"line":114,"column":6},"end":{"line":114,"column":34}},"42":{"start":{"line":117,"column":19},"end":{"line":120,"column":7}},"43":{"start":{"line":121,"column":6},"end":{"line":124,"column":7}},"44":{"start":{"line":122,"column":8},"end":{"line":122,"column":39}},"45":{"start":{"line":123,"column":8},"end":{"line":123,"column":68}},"46":{"start":{"line":127,"column":29},"end":{"line":127,"column":53}},"47":{"start":{"line":128,"column":6},"end":{"line":131,"column":7}},"48":{"start":{"line":129,"column":8},"end":{"line":129,"column":39}},"49":{"start":{"line":130,"column":8},"end":{"line":130,"column":96}},"50":{"start":{"line":134,"column":28},"end":{"line":134,"column":51}},"51":{"start":{"line":137,"column":26},"end":{"line":146,"column":7}},"52":{"start":{"line":149,"column":25},"end":{"line":149,"column":48}},"53":{"start":{"line":150,"column":6},"end":{"line":150,"column":76}},"54":{"start":{"line":153,"column":6},"end":{"line":153,"column":35}},"55":{"start":{"line":155,"column":21},"end":{"line":162,"column":7}},"56":{"start":{"line":164,"column":6},"end":{"line":164,"column":67}},"57":{"start":{"line":167,"column":6},"end":{"line":167,"column":37}},"58":{"start":{"line":168,"column":6},"end":{"line":168,"column":75}},"59":{"start":{"line":170,"column":6},"end":{"line":170,"column":23}},"60":{"start":{"line":175,"column":4},"end":{"line":200,"column":5}},"61":{"start":{"line":176,"column":20},"end":{"line":176,"column":33}},"62":{"start":{"line":179,"column":21},"end":{"line":179,"column":52}},"63":{"start":{"line":180,"column":20},"end":{"line":180,"column":50}},"64":{"start":{"line":183,"column":27},"end":{"line":187,"column":7}},"65":{"start":{"line":190,"column":21},"end":{"line":194,"column":7}},"66":{"start":{"line":196,"column":6},"end":{"line":196,"column":69}},"67":{"start":{"line":199,"column":6},"end":{"line":199,"column":75}}},"fnMap":{"0":{"name":"(anonymous_0)","decl":{"start":{"line":6,"column":2},"end":{"line":6,"column":3}},"loc":{"start":{"line":6,"column":29},"end":{"line":21,"column":3}},"line":6},"1":{"name":"(anonymous_1)","decl":{"start":{"line":23,"column":2},"end":{"line":23,"column":3}},"loc":{"start":{"line":23,"column":24},"end":{"line":90,"column":3}},"line":23},"2":{"name":"(anonymous_2)","decl":{"start":{"line":92,"column":2},"end":{"line":92,"column":3}},"loc":{"start":{"line":92,"column":36},"end":{"line":172,"column":3}},"line":92},"3":{"name":"(anonymous_3)","decl":{"start":{"line":174,"column":2},"end":{"line":174,"column":3}},"loc":{"start":{"line":174,"column":40},"end":{"line":201,"column":3}},"line":174}},"branchMap":{"0":{"loc":{"start":{"line":12,"column":6},"end":{"line":14,"column":7}},"type":"if","locations":[{"start":{"line":12,"column":6},"end":{"line":14,"column":7}},{"start":{},"end":{}}],"line":12},"1":{"loc":{"start":{"line":28,"column":32},"end":{"line":28,"column":46}},"type":"binary-expr","locations":[{"start":{"line":28,"column":32},"end":{"line":28,"column":40}},{"start":{"line":28,"column":44},"end":{"line":28,"column":46}}],"line":28},"2":{"loc":{"start":{"line":31,"column":6},"end":{"line":33,"column":7}},"type":"if","locations":[{"start":{"line":31,"column":6},"end":{"line":33,"column":7}},{"start":{},"end":{}}],"line":31},"3":{"loc":{"start":{"line":31,"column":10},"end":{"line":31,"column":63}},"type":"binary-expr","locations":[{"start":{"line":31,"column":10},"end":{"line":31,"column":37}},{"start":{"line":31,"column":41},"end":{"line":31,"column":63}}],"line":31},"4":{"loc":{"start":{"line":36,"column":6},"end":{"line":38,"column":7}},"type":"if","locations":[{"start":{"line":36,"column":6},"end":{"line":38,"column":7}},{"start":{},"end":{}}],"line":36},"5":{"loc":{"start":{"line":36,"column":10},"end":{"line":36,"column":65}},"type":"binary-expr","locations":[{"start":{"line":36,"column":10},"end":{"line":36,"column":43}},{"start":{"line":36,"column":47},"end":{"line":36,"column":65}}],"line":36},"6":{"loc":{"start":{"line":49,"column":6},"end":{"line":52,"column":7}},"type":"if","locations":[{"start":{"line":49,"column":6},"end":{"line":52,"column":7}},{"start":{},"end":{}}],"line":49},"7":{"loc":{"start":{"line":100,"column":6},"end":{"line":102,"column":7}},"type":"if","locations":[{"start":{"line":100,"column":6},"end":{"line":102,"column":7}},{"start":{},"end":{}}],"line":100},"8":{"loc":{"start":{"line":106,"column":6},"end":{"line":108,"column":7}},"type":"if","locations":[{"start":{"line":106,"column":6},"end":{"line":108,"column":7}},{"start":{},"end":{}}],"line":106},"9":{"loc":{"start":{"line":121,"column":6},"end":{"line":124,"column":7}},"type":"if","locations":[{"start":{"line":121,"column":6},"end":{"line":124,"column":7}},{"start":{},"end":{}}],"line":121},"10":{"loc":{"start":{"line":128,"column":6},"end":{"line":131,"column":7}},"type":"if","locations":[{"start":{"line":128,"column":6},"end":{"line":131,"column":7}},{"start":{},"end":{}}],"line":128},"11":{"loc":{"start":{"line":179,"column":21},"end":{"line":179,"column":52}},"type":"binary-expr","locations":[{"start":{"line":179,"column":21},"end":{"line":179,"column":47}},{"start":{"line":179,"column":51},"end":{"line":179,"column":52}}],"line":179},"12":{"loc":{"start":{"line":180,"column":20},"end":{"line":180,"column":50}},"type":"binary-expr","locations":[{"start":{"line":180,"column":20},"end":{"line":180,"column":45}},{"start":{"line":180,"column":49},"end":{"line":180,"column":50}}],"line":180}},"s":{"0":5,"1":0,"2":0,"3":0,"4":0,"5":0,"6":0,"7":0,"8":0,"9":0,"10":0,"11":0,"12":0,"13":0,"14":0,"15":0,"16":0,"17":0,"18":0,"19":0,"20":0,"21":0,"22":0,"23":0,"24":0,"25":0,"26":0,"27":0,"28":0,"29":0,"30":0,"31":0,"32":0,"33":0,"34":0,"35":0,"36":0,"37":0,"38":0,"39":0,"40":0,"41":0,"42":0,"43":0,"44":0,"45":0,"46":0,"47":0,"48":0,"49":0,"50":0,"51":0,"52":0,"53":0,"54":0,"55":0,"56":0,"57":0,"58":0,"59":0,"60":0,"61":0,"62":0,"63":0,"64":0,"65":0,"66":0,"67":0},"f":{"0":0,"1":0,"2":0,"3":0},"b":{"0":[0,0],"1":[0,0],"2":[0,0],"3":[0,0],"4":[0,0],"5":[0,0],"6":[0,0],"7":[0,0],"8":[0,0],"9":[0,0],"10":[0,0],"11":[0,0],"12":[0,0]},"_coverageSchema":"1a1c01bbd47fc00a2c39e90264f33305004495a9","hash":"cb4cf548fe79811c114b8d2dbcececbd8010477e"}
,"D:\\Fakhri\\Work\\Lamaran Tugas\\NuTech\\Muhammad Fakhri-Tugas API\\src\\middlewares\\auth.js": {"path":"D:\\Fakhri\\Work\\Lamaran Tugas\\NuTech\\Muhammad Fakhri-Tugas API\\src\\middlewares\\auth.js","statementMap":{"0":{"start":{"line":5,"column":29},"end":{"line":11,"column":1}},"1":{"start":{"line":6,"column":4},"end":{"line":10,"column":6}},"2":{"start":{"line":14,"column":24},"end":{"line":31,"column":1}},"3":{"start":{"line":15,"column":4},"end":{"line":30,"column":5}},"4":{"start":{"line":16,"column":27},"end":{"line":16,"column":52}},"5":{"start":{"line":18,"column":8},"end":{"line":20,"column":9}},"6":{"start":{"line":19,"column":8},"end":{"line":19,"column":82}},"7":{"start":{"line":22,"column":22},"end":{"line":22,"column":46}},"8":{"start":{"line":23,"column":24},"end":{"line":23,"column":65}},"9":{"start":{"line":26,"column":8},"end":{"line":26,"column":38}},"10":{"start":{"line":27,"column":8},"end":{"line":27,"column":15}},"11":{"start":{"line":29,"column":8},"end":{"line":29,"column":82}}},"fnMap":{"0":{"name":"(anonymous_0)","decl":{"start":{"line":5,"column":29},"end":{"line":5,"column":30}},"loc":{"start":{"line":5,"column":40},"end":{"line":11,"column":1}},"line":5},"1":{"name":"(anonymous_1)","decl":{"start":{"line":14,"column":24},"end":{"line":14,"column":25}},"loc":{"start":{"line":14,"column":44},"end":{"line":31,"column":1}},"line":14}},"branchMap":{"0":{"loc":{"start":{"line":18,"column":8},"end":{"line":20,"column":9}},"type":"if","locations":[{"start":{"line":18,"column":8},"end":{"line":20,"column":9}},{"start":{},"end":{}}],"line":18},"1":{"loc":{"start":{"line":18,"column":12},"end":{"line":18,"column":60}},"type":"binary-expr","locations":[{"start":{"line":18,"column":12},"end":{"line":18,"column":23}},{"start":{"line":18,"column":27},"end":{"line":18,"column":60}}],"line":18}},"s":{"0":6,"1":6,"2":6,"3":30,"4":30,"5":30,"6":17,"7":13,"8":13,"9":0,"10":0,"11":13},"f":{"0":6,"1":30},"b":{"0":[17,13],"1":[30,16]},"_coverageSchema":"1a1c01bbd47fc00a2c39e90264f33305004495a9","hash":"36c103e194208a772cda2deead234b178b15cddc"}
,"D:\\Fakhri\\Work\\Lamaran Tugas\\NuTech\\Muhammad Fakhri-Tugas API\\src\\middlewares\\upload.js": {"path":"D:\\Fakhri\\Work\\Lamaran Tugas\\NuTech\\Muhammad Fakhri-Tugas API\\src\\middlewares\\upload.js","statementMap":{"0":{"start":{"line":4,"column":16},"end":{"line":4,"column":38}},"1":{"start":{"line":6,"column":15},"end":{"line":9,"column":2}},"2":{"start":{"line":12,"column":19},"end":{"line":12,"column":40}}},"fnMap":{},"branchMap":{},"s":{"0":5,"1":5,"2":5},"f":{},"b":{},"_coverageSchema":"1a1c01bbd47fc00a2c39e90264f33305004495a9","hash":"c63dd96f947537ffa797ade83e2cc2248d7580c3"}
,"D:\\Fakhri\\Work\\Lamaran Tugas\\NuTech\\Muhammad Fakhri-Tugas API\\src\\models\\information.model.js": {"path":"D:\\Fakhri\\Work\\Lamaran Tugas\\NuTech\\Muhammad Fakhri-Tugas API\\src\\models\\information.model.js","statementMap":{"0":{"start":{"line":3,"column":30},"end":{"line":22,"column":1}},"1":{"start":{"line":6,"column":6},"end":{"line":6,"column":90}},"2":{"start":{"line":7,"column":19},"end":{"line":7,"column":42}},"3":{"start":{"line":8,"column":4},"end":{"line":8,"column":23}},"4":{"start":{"line":13,"column":6},"end":{"line":13,"column":110}},"5":{"start":{"line":14,"column":19},"end":{"line":14,"column":42}},"6":{"start":{"line":17,"column":4},"end":{"line":20,"column":8}},"7":{"start":{"line":17,"column":41},"end":{"line":20,"column":5}}},"fnMap":{"0":{"name":"(anonymous_0)","decl":{"start":{"line":4,"column":2},"end":{"line":4,"column":3}},"loc":{"start":{"line":4,"column":24},"end":{"line":9,"column":3}},"line":4},"1":{"name":"(anonymous_1)","decl":{"start":{"line":11,"column":2},"end":{"line":11,"column":3}},"loc":{"start":{"line":11,"column":25},"end":{"line":21,"column":3}},"line":11},"2":{"name":"(anonymous_2)","decl":{"start":{"line":17,"column":27},"end":{"line":17,"column":28}},"loc":{"start":{"line":17,"column":41},"end":{"line":20,"column":5}},"line":17}},"branchMap":{},"s":{"0":5,"1":5,"2":5,"3":0,"4":0,"5":0,"6":0,"7":0},"f":{"0":5,"1":0,"2":0},"b":{},"_coverageSchema":"1a1c01bbd47fc00a2c39e90264f33305004495a9","hash":"a16e07286b78d614348eea25b201d92051afc0b1"}
,"D:\\Fakhri\\Work\\Lamaran Tugas\\NuTech\\Muhammad Fakhri-Tugas API\\src\\models\\membership.model.js": {"path":"D:\\Fakhri\\Work\\Lamaran Tugas\\NuTech\\Muhammad Fakhri-Tugas API\\src\\models\\membership.model.js","statementMap":{"0":{"start":{"line":5,"column":31},"end":{"line":66,"column":1}},"1":{"start":{"line":7,"column":61},"end":{"line":7,"column":69}},"2":{"start":{"line":10,"column":6},"end":{"line":10,"column":90}},"3":{"start":{"line":12,"column":19},"end":{"line":12,"column":65}},"4":{"start":{"line":13,"column":19},"end":{"line":13,"column":50}},"5":{"start":{"line":14,"column":4},"end":{"line":14,"column":18}},"6":{"start":{"line":18,"column":18},"end":{"line":18,"column":70}},"7":{"start":{"line":19,"column":19},"end":{"line":19,"column":51}},"8":{"start":{"line":20,"column":4},"end":{"line":20,"column":31}},"9":{"start":{"line":24,"column":18},"end":{"line":24,"column":77}},"10":{"start":{"line":25,"column":19},"end":{"line":25,"column":51}},"11":{"start":{"line":27,"column":4},"end":{"line":29,"column":5}},"12":{"start":{"line":28,"column":6},"end":{"line":28,"column":19}},"13":{"start":{"line":31,"column":28},"end":{"line":34,"column":5}},"14":{"start":{"line":36,"column":4},"end":{"line":36,"column":27}},"15":{"start":{"line":41,"column":6},"end":{"line":41,"column":100}},"16":{"start":{"line":42,"column":19},"end":{"line":42,"column":51}},"17":{"start":{"line":44,"column":4},"end":{"line":44,"column":26}},"18":{"start":{"line":48,"column":38},"end":{"line":48,"column":49}},"19":{"start":{"line":50,"column":6},"end":{"line":50,"column":173}},"20":{"start":{"line":52,"column":19},"end":{"line":52,"column":49}},"21":{"start":{"line":53,"column":19},"end":{"line":53,"column":50}},"22":{"start":{"line":55,"column":4},"end":{"line":55,"column":26}},"23":{"start":{"line":60,"column":6},"end":{"line":60,"column":160}},"24":{"start":{"line":61,"column":19},"end":{"line":61,"column":36}},"25":{"start":{"line":62,"column":19},"end":{"line":62,"column":50}},"26":{"start":{"line":64,"column":4},"end":{"line":64,"column":26}}},"fnMap":{"0":{"name":"(anonymous_0)","decl":{"start":{"line":6,"column":2},"end":{"line":6,"column":3}},"loc":{"start":{"line":6,"column":29},"end":{"line":15,"column":3}},"line":6},"1":{"name":"(anonymous_1)","decl":{"start":{"line":17,"column":2},"end":{"line":17,"column":3}},"loc":{"start":{"line":17,"column":31},"end":{"line":21,"column":3}},"line":17},"2":{"name":"(anonymous_2)","decl":{"start":{"line":23,"column":2},"end":{"line":23,"column":3}},"loc":{"start":{"line":23,"column":36},"end":{"line":37,"column":3}},"line":23},"3":{"name":"(anonymous_3)","decl":{"start":{"line":39,"column":2},"end":{"line":39,"column":3}},"loc":{"start":{"line":39,"column":26},"end":{"line":45,"column":3}},"line":39},"4":{"name":"(anonymous_4)","decl":{"start":{"line":47,"column":2},"end":{"line":47,"column":3}},"loc":{"start":{"line":47,"column":42},"end":{"line":56,"column":3}},"line":47},"5":{"name":"(anonymous_5)","decl":{"start":{"line":58,"column":2},"end":{"line":58,"column":3}},"loc":{"start":{"line":58,"column":44},"end":{"line":65,"column":3}},"line":58}},"branchMap":{"0":{"loc":{"start":{"line":27,"column":4},"end":{"line":29,"column":5}},"type":"if","locations":[{"start":{"line":27,"column":4},"end":{"line":29,"column":5}},{"start":{},"end":{}}],"line":27}},"s":{"0":5,"1":0,"2":0,"3":0,"4":0,"5":0,"6":1,"7":1,"8":0,"9":1,"10":1,"11":0,"12":0,"13":0,"14":0,"15":0,"16":0,"17":0,"18":0,"19":0,"20":0,"21":0,"22":0,"23":0,"24":0,"25":0,"26":0},"f":{"0":0,"1":1,"2":1,"3":0,"4":0,"5":0},"b":{"0":[0,0]},"_coverageSchema":"1a1c01bbd47fc00a2c39e90264f33305004495a9","hash":"94b7440eae3672b4e53f2194a3f5bc6f0d92025f"}
,"D:\\Fakhri\\Work\\Lamaran Tugas\\NuTech\\Muhammad Fakhri-Tugas API\\src\\models\\transaction.model.js": {"path":"D:\\Fakhri\\Work\\Lamaran Tugas\\NuTech\\Muhammad Fakhri-Tugas API\\src\\models\\transaction.model.js","statementMap":{"0":{"start":{"line":3,"column":32},"end":{"line":123,"column":1}},"1":{"start":{"line":7,"column":6},"end":{"line":7,"column":92}},"2":{"start":{"line":8,"column":19},"end":{"line":8,"column":51}},"3":{"start":{"line":9,"column":4},"end":{"line":9,"column":26}},"4":{"start":{"line":14,"column":18},"end":{"line":14,"column":101}},"5":{"start":{"line":15,"column":19},"end":{"line":15,"column":53}},"6":{"start":{"line":16,"column":4},"end":{"line":16,"column":26}},"7":{"start":{"line":30,"column":18},"end":{"line":36,"column":5}},"8":{"start":{"line":37,"column":19},"end":{"line":45,"column":6}},"9":{"start":{"line":46,"column":4},"end":{"line":46,"column":26}},"10":{"start":{"line":51,"column":18},"end":{"line":57,"column":5}},"11":{"start":{"line":58,"column":19},"end":{"line":58,"column":66}},"12":{"start":{"line":59,"column":4},"end":{"line":59,"column":26}},"13":{"start":{"line":65,"column":6},"end":{"line":65,"column":80}},"14":{"start":{"line":66,"column":19},"end":{"line":66,"column":58}},"15":{"start":{"line":67,"column":4},"end":{"line":67,"column":26}},"16":{"start":{"line":73,"column":6},"end":{"line":73,"column":68}},"17":{"start":{"line":74,"column":19},"end":{"line":74,"column":51}},"18":{"start":{"line":75,"column":4},"end":{"line":75,"column":26}},"19":{"start":{"line":80,"column":16},"end":{"line":98,"column":5}},"20":{"start":{"line":100,"column":19},"end":{"line":100,"column":26}},"21":{"start":{"line":102,"column":4},"end":{"line":113,"column":5}},"22":{"start":{"line":103,"column":6},"end":{"line":103,"column":46}},"23":{"start":{"line":104,"column":6},"end":{"line":104,"column":25}},"24":{"start":{"line":106,"column":6},"end":{"line":109,"column":7}},"25":{"start":{"line":107,"column":8},"end":{"line":107,"column":49}},"26":{"start":{"line":108,"column":8},"end":{"line":108,"column":28}},"27":{"start":{"line":110,"column":11},"end":{"line":113,"column":5}},"28":{"start":{"line":111,"column":6},"end":{"line":111,"column":47}},"29":{"start":{"line":112,"column":6},"end":{"line":112,"column":26}},"30":{"start":{"line":115,"column":19},"end":{"line":115,"column":50}},"31":{"start":{"line":116,"column":4},"end":{"line":116,"column":23}},"32":{"start":{"line":121,"column":4},"end":{"line":121,"column":32}}},"fnMap":{"0":{"name":"(anonymous_0)","decl":{"start":{"line":5,"column":2},"end":{"line":5,"column":3}},"loc":{"start":{"line":5,"column":33},"end":{"line":10,"column":3}},"line":5},"1":{"name":"(anonymous_1)","decl":{"start":{"line":13,"column":2},"end":{"line":13,"column":3}},"loc":{"start":{"line":13,"column":47},"end":{"line":17,"column":3}},"line":13},"2":{"name":"(anonymous_2)","decl":{"start":{"line":19,"column":2},"end":{"line":19,"column":3}},"loc":{"start":{"line":28,"column":4},"end":{"line":47,"column":3}},"line":28},"3":{"name":"(anonymous_3)","decl":{"start":{"line":50,"column":2},"end":{"line":50,"column":3}},"loc":{"start":{"line":50,"column":54},"end":{"line":60,"column":3}},"line":50},"4":{"name":"(anonymous_4)","decl":{"start":{"line":63,"column":2},"end":{"line":63,"column":3}},"loc":{"start":{"line":63,"column":39},"end":{"line":68,"column":3}},"line":63},"5":{"name":"(anonymous_5)","decl":{"start":{"line":71,"column":2},"end":{"line":71,"column":3}},"loc":{"start":{"line":71,"column":30},"end":{"line":76,"column":3}},"line":71},"6":{"name":"(anonymous_6)","decl":{"start":{"line":79,"column":2},"end":{"line":79,"column":3}},"loc":{"start":{"line":79,"column":60},"end":{"line":117,"column":3}},"line":79},"7":{"name":"(anonymous_7)","decl":{"start":{"line":120,"column":2},"end":{"line":120,"column":3}},"loc":{"start":{"line":120,"column":20},"end":{"line":122,"column":3}},"line":120}},"branchMap":{"0":{"loc":{"start":{"line":79,"column":37},"end":{"line":79,"column":47}},"type":"default-arg","locations":[{"start":{"line":79,"column":46},"end":{"line":79,"column":47}}],"line":79},"1":{"loc":{"start":{"line":79,"column":49},"end":{"line":79,"column":58}},"type":"default-arg","locations":[{"start":{"line":79,"column":57},"end":{"line":79,"column":58}}],"line":79},"2":{"loc":{"start":{"line":102,"column":4},"end":{"line":113,"column":5}},"type":"if","locations":[{"start":{"line":102,"column":4},"end":{"line":113,"column":5}},{"start":{"line":110,"column":11},"end":{"line":113,"column":5}}],"line":102},"3":{"loc":{"start":{"line":102,"column":8},"end":{"line":102,"column":35}},"type":"binary-expr","locations":[{"start":{"line":102,"column":8},"end":{"line":102,"column":22}},{"start":{"line":102,"column":26},"end":{"line":102,"column":35}}],"line":102},"4":{"loc":{"start":{"line":106,"column":6},"end":{"line":109,"column":7}},"type":"if","locations":[{"start":{"line":106,"column":6},"end":{"line":109,"column":7}},{"start":{},"end":{}}],"line":106},"5":{"loc":{"start":{"line":110,"column":11},"end":{"line":113,"column":5}},"type":"if","locations":[{"start":{"line":110,"column":11},"end":{"line":113,"column":5}},{"start":{},"end":{}}],"line":110}},"s":{"0":5,"1":0,"2":0,"3":0,"4":0,"5":0,"6":0,"7":0,"8":0,"9":0,"10":0,"11":0,"12":0,"13":0,"14":0,"15":0,"16":0,"17":0,"18":0,"19":0,"20":0,"21":0,"22":0,"23":0,"24":0,"25":0,"26":0,"27":0,"28":0,"29":0,"30":0,"31":0,"32":0},"f":{"0":0,"1":0,"2":0,"3":0,"4":0,"5":0,"6":0,"7":0},"b":{"0":[0],"1":[0],"2":[0,0],"3":[0,0],"4":[0,0],"5":[0,0]},"_coverageSchema":"1a1c01bbd47fc00a2c39e90264f33305004495a9","hash":"f72bcca294e8b01e29e357a5b69a6e9b38a583fa"}
,"D:\\Fakhri\\Work\\Lamaran Tugas\\NuTech\\Muhammad Fakhri-Tugas API\\src\\routes\\information.routes.js": {"path":"D:\\Fakhri\\Work\\Lamaran Tugas\\NuTech\\Muhammad Fakhri-Tugas API\\src\\routes\\information.routes.js","statementMap":{"0":{"start":{"line":6,"column":26},"end":{"line":6,"column":42}},"1":{"start":{"line":8,"column":0},"end":{"line":8,"column":67}},"2":{"start":{"line":9,"column":0},"end":{"line":9,"column":80}}},"fnMap":{},"branchMap":{},"s":{"0":5,"1":5,"2":5},"f":{},"b":{},"_coverageSchema":"1a1c01bbd47fc00a2c39e90264f33305004495a9","hash":"31aa369ccaeebca80b0a7f7ce8e2e13d8719e6aa"}
,"D:\\Fakhri\\Work\\Lamaran Tugas\\NuTech\\Muhammad Fakhri-Tugas API\\src\\routes\\membership.routes.js": {"path":"D:\\Fakhri\\Work\\Lamaran Tugas\\NuTech\\Muhammad Fakhri-Tugas API\\src\\routes\\membership.routes.js","statementMap":{"0":{"start":{"line":8,"column":25},"end":{"line":8,"column":41}},"1":{"start":{"line":10,"column":0},"end":{"line":10,"column":66}},"2":{"start":{"line":11,"column":0},"end":{"line":11,"column":60}},"3":{"start":{"line":12,"column":0},"end":{"line":12,"column":76}},"4":{"start":{"line":13,"column":0},"end":{"line":13,"column":86}},"5":{"start":{"line":14,"column":0},"end":{"line":14,"column":102}}},"fnMap":{},"branchMap":{},"s":{"0":5,"1":5,"2":5,"3":5,"4":5,"5":5},"f":{},"b":{},"_coverageSchema":"1a1c01bbd47fc00a2c39e90264f33305004495a9","hash":"57e820a64a4f92cf980a8ef0dc9ab78c90f80c7c"}
,"D:\\Fakhri\\Work\\Lamaran Tugas\\NuTech\\Muhammad Fakhri-Tugas API\\src\\routes\\transaction.routes.js": {"path":"D:\\Fakhri\\Work\\Lamaran Tugas\\NuTech\\Muhammad Fakhri-Tugas API\\src\\routes\\transaction.routes.js","statementMap":{"0":{"start":{"line":5,"column":26},"end":{"line":5,"column":42}},"1":{"start":{"line":7,"column":0},"end":{"line":7,"column":78}},"2":{"start":{"line":8,"column":0},"end":{"line":8,"column":72}},"3":{"start":{"line":9,"column":0},"end":{"line":13,"column":2}},"4":{"start":{"line":14,"column":0},"end":{"line":18,"column":2}}},"fnMap":{},"branchMap":{},"s":{"0":5,"1":5,"2":5,"3":5,"4":5},"f":{},"b":{},"_coverageSchema":"1a1c01bbd47fc00a2c39e90264f33305004495a9","hash":"78ad46514be53796487acf014aa1c11752274746"}
,"D:\\Fakhri\\Work\\Lamaran Tugas\\NuTech\\Muhammad Fakhri-Tugas API\\src\\utils\\response.js": {"path":"D:\\Fakhri\\Work\\Lamaran Tugas\\NuTech\\Muhammad Fakhri-Tugas API\\src\\utils\\response.js","statementMap":{"0":{"start":{"line":2,"column":31},"end":{"line":14,"column":1}},"1":{"start":{"line":3,"column":19},"end":{"line":7,"column":3}},"2":{"start":{"line":9,"column":2},"end":{"line":11,"column":3}},"3":{"start":{"line":10,"column":4},"end":{"line":10,"column":25}},"4":{"start":{"line":13,"column":2},"end":{"line":13,"column":40}},"5":{"start":{"line":17,"column":29},"end":{"line":23,"column":1}},"6":{"start":{"line":18,"column":2},"end":{"line":22,"column":5}}},"fnMap":{"0":{"name":"(anonymous_0)","decl":{"start":{"line":2,"column":31},"end":{"line":2,"column":32}},"loc":{"start":{"line":2,"column":74},"end":{"line":14,"column":1}},"line":2},"1":{"name":"(anonymous_1)","decl":{"start":{"line":17,"column":29},"end":{"line":17,"column":30}},"loc":{"start":{"line":17,"column":67},"end":{"line":23,"column":1}},"line":17}},"branchMap":{"0":{"loc":{"start":{"line":2,"column":58},"end":{"line":2,"column":69}},"type":"default-arg","locations":[{"start":{"line":2,"column":65},"end":{"line":2,"column":69}}],"line":2},"1":{"loc":{"start":{"line":9,"column":2},"end":{"line":11,"column":3}},"type":"if","locations":[{"start":{"line":9,"column":2},"end":{"line":11,"column":3}},{"start":{},"end":{}}],"line":9}},"s":{"0":7,"1":1,"2":1,"3":1,"4":1,"5":7,"6":50},"f":{"0":1,"1":50},"b":{"0":[0],"1":[1,0]},"_coverageSchema":"1a1c01bbd47fc00a2c39e90264f33305004495a9","hash":"8eda0f24f92113f98aebf6346bd271fbc78b690a"}
,"D:\\Fakhri\\Work\\Lamaran Tugas\\NuTech\\Muhammad Fakhri-Tugas API\\src\\utils\\services.js": {"path":"D:\\Fakhri\\Work\\Lamaran Tugas\\NuTech\\Muhammad Fakhri-Tugas API\\src\\utils\\services.js","statementMap":{"0":{"start":{"line":3,"column":37},"end":{"line":9,"column":1}},"1":{"start":{"line":4,"column":22},"end":{"line":4,"column":32}},"2":{"start":{"line":5,"column":19},"end":{"line":7,"column":23}},"3":{"start":{"line":8,"column":4},"end":{"line":8,"column":38}}},"fnMap":{"0":{"name":"(anonymous_0)","decl":{"start":{"line":3,"column":37},"end":{"line":3,"column":38}},"loc":{"start":{"line":3,"column":43},"end":{"line":9,"column":1}},"line":3}},"branchMap":{},"s":{"0":5,"1":0,"2":0,"3":0},"f":{"0":0},"b":{},"_coverageSchema":"1a1c01bbd47fc00a2c39e90264f33305004495a9","hash":"73a6bc6229e24256c56ff4f7443c487ba056b2e9"}
}
