TN:
SF:src\app.js
FN:21,(anonymous_0)
FNF:1
FNH:1
FNDA:2,(anonymous_0)
DA:7,5
DA:10,5
DA:11,5
DA:17,5
DA:18,5
DA:19,5
DA:21,5
DA:22,2
LF:8
LH:8
BRF:0
BRH:0
end_of_record
TN:
SF:src\controller\information.controller.js
FN:5,(anonymous_0)
FN:15,(anonymous_1)
FNF:2
FNH:1
FNDA:5,(anonymous_0)
FNDA:0,(anonymous_1)
DA:4,5
DA:6,5
DA:8,5
DA:9,0
DA:11,5
DA:16,0
DA:18,0
DA:19,0
DA:21,0
LF:9
LH:4
BRF:0
BRH:0
end_of_record
TN:
SF:src\controller\membership.controller.js
FN:10,(anonymous_0)
FN:56,(anonymous_1)
FN:94,(anonymous_2)
FN:110,(anonymous_3)
FN:139,(anonymous_4)
FN:159,(anonymous_5)
FN:162,(anonymous_6)
FNF:7
FNH:2
FNDA:9,(anonymous_0)
FNDA:5,(anonymous_1)
FNDA:0,(anonymous_2)
FNDA:0,(anonymous_3)
FNDA:0,(anonymous_4)
FNDA:0,(anonymous_5)
FNDA:0,(anonymous_6)
DA:9,5
DA:11,9
DA:12,9
DA:14,9
DA:17,9
DA:18,24
DA:19,6
DA:24,3
DA:25,1
DA:28,2
DA:29,1
DA:33,1
DA:34,0
DA:35,0
DA:39,0
DA:40,0
DA:43,0
DA:50,0
DA:52,1
DA:57,5
DA:58,5
DA:60,5
DA:63,5
DA:64,8
DA:65,3
DA:70,2
DA:71,0
DA:74,2
DA:75,1
DA:79,1
DA:81,0
DA:82,0
DA:86,0
DA:88,0
DA:90,1
DA:95,0
DA:96,0
DA:99,0
DA:100,0
DA:101,0
DA:104,0
DA:106,0
DA:111,0
DA:112,0
DA:113,0
DA:116,0
DA:117,0
DA:121,0
DA:127,0
DA:128,0
DA:131,0
DA:133,0
DA:135,0
DA:140,0
DA:141,0
DA:144,0
DA:145,0
DA:149,0
DA:154,0
DA:155,0
DA:159,0
DA:160,0
DA:162,0
DA:164,0
DA:168,0
DA:173,0
DA:175,0
DA:177,0
LF:68
LH:24
BRDA:18,0,0,6
BRDA:18,0,1,18
BRDA:18,1,0,24
BRDA:18,1,1,18
BRDA:24,2,0,1
BRDA:24,2,1,2
BRDA:28,3,0,1
BRDA:28,3,1,1
BRDA:34,4,0,0
BRDA:34,4,1,0
BRDA:64,5,0,3
BRDA:64,5,1,5
BRDA:64,6,0,8
BRDA:64,6,1,5
BRDA:70,7,0,0
BRDA:70,7,1,2
BRDA:70,8,0,2
BRDA:70,8,1,2
BRDA:74,9,0,1
BRDA:74,9,1,1
BRDA:81,10,0,0
BRDA:81,10,1,0
BRDA:100,11,0,0
BRDA:100,11,1,0
BRDA:116,12,0,0
BRDA:116,12,1,0
BRDA:116,13,0,0
BRDA:116,13,1,0
BRDA:127,14,0,0
BRDA:127,14,1,0
BRDA:144,15,0,0
BRDA:144,15,1,0
BRDA:154,16,0,0
BRDA:154,16,1,0
BRDA:162,17,0,0
BRDA:162,17,1,0
BRF:36
BRH:17
end_of_record
TN:
SF:src\controller\transaction.controller.js
FN:6,(anonymous_0)
FN:23,(anonymous_1)
FN:92,(anonymous_2)
FN:174,(anonymous_3)
FNF:4
FNH:0
FNDA:0,(anonymous_0)
FNDA:0,(anonymous_1)
FNDA:0,(anonymous_2)
FNDA:0,(anonymous_3)
DA:5,5
DA:7,0
DA:8,0
DA:11,0
DA:12,0
DA:13,0
DA:16,0
DA:19,0
DA:24,0
DA:26,0
DA:27,0
DA:28,0
DA:31,0
DA:32,0
DA:36,0
DA:37,0
DA:41,0
DA:44,0
DA:49,0
DA:50,0
DA:51,0
DA:55,0
DA:58,0
DA:70,0
DA:71,0
DA:72,0
DA:79,0
DA:81,0
DA:85,0
DA:86,0
DA:88,0
DA:93,0
DA:95,0
DA:96,0
DA:97,0
DA:100,0
DA:101,0
DA:105,0
DA:106,0
DA:107,0
DA:111,0
DA:114,0
DA:117,0
DA:121,0
DA:122,0
DA:123,0
DA:127,0
DA:128,0
DA:129,0
DA:130,0
DA:134,0
DA:137,0
DA:149,0
DA:150,0
DA:153,0
DA:155,0
DA:164,0
DA:167,0
DA:168,0
DA:170,0
DA:175,0
DA:176,0
DA:179,0
DA:180,0
DA:183,0
DA:190,0
DA:196,0
DA:199,0
LF:68
LH:1
BRDA:12,0,0,0
BRDA:12,0,1,0
BRDA:28,1,0,0
BRDA:28,1,1,0
BRDA:31,2,0,0
BRDA:31,2,1,0
BRDA:31,3,0,0
BRDA:31,3,1,0
BRDA:36,4,0,0
BRDA:36,4,1,0
BRDA:36,5,0,0
BRDA:36,5,1,0
BRDA:49,6,0,0
BRDA:49,6,1,0
BRDA:100,7,0,0
BRDA:100,7,1,0
BRDA:106,8,0,0
BRDA:106,8,1,0
BRDA:121,9,0,0
BRDA:121,9,1,0
BRDA:128,10,0,0
BRDA:128,10,1,0
BRDA:179,11,0,0
BRDA:179,11,1,0
BRDA:180,12,0,0
BRDA:180,12,1,0
BRF:26
BRH:0
end_of_record
TN:
SF:src\middlewares\auth.js
FN:5,(anonymous_0)
FN:14,(anonymous_1)
FNF:2
FNH:2
FNDA:6,(anonymous_0)
FNDA:30,(anonymous_1)
DA:5,6
DA:6,6
DA:14,6
DA:15,30
DA:16,30
DA:18,30
DA:19,17
DA:22,13
DA:23,13
DA:26,0
DA:27,0
DA:29,13
LF:12
LH:10
BRDA:18,0,0,17
BRDA:18,0,1,13
BRDA:18,1,0,30
BRDA:18,1,1,16
BRF:4
BRH:4
end_of_record
TN:
SF:src\middlewares\upload.js
FNF:0
FNH:0
DA:4,5
DA:6,5
DA:12,5
LF:3
LH:3
BRF:0
BRH:0
end_of_record
TN:
SF:src\models\information.model.js
FN:4,(anonymous_0)
FN:11,(anonymous_1)
FN:17,(anonymous_2)
FNF:3
FNH:1
FNDA:5,(anonymous_0)
FNDA:0,(anonymous_1)
FNDA:0,(anonymous_2)
DA:3,5
DA:6,5
DA:7,5
DA:8,0
DA:13,0
DA:14,0
DA:17,0
LF:7
LH:3
BRF:0
BRH:0
end_of_record
TN:
SF:src\models\membership.model.js
FN:6,(anonymous_0)
FN:17,(anonymous_1)
FN:23,(anonymous_2)
FN:39,(anonymous_3)
FN:47,(anonymous_4)
FN:58,(anonymous_5)
FNF:6
FNH:2
FNDA:0,(anonymous_0)
FNDA:1,(anonymous_1)
FNDA:1,(anonymous_2)
FNDA:0,(anonymous_3)
FNDA:0,(anonymous_4)
FNDA:0,(anonymous_5)
DA:5,5
DA:7,0
DA:10,0
DA:12,0
DA:13,0
DA:14,0
DA:18,1
DA:19,1
DA:20,0
DA:24,1
DA:25,1
DA:27,0
DA:28,0
DA:31,0
DA:36,0
DA:41,0
DA:42,0
DA:44,0
DA:48,0
DA:50,0
DA:52,0
DA:53,0
DA:55,0
DA:60,0
DA:61,0
DA:62,0
DA:64,0
LF:27
LH:5
BRDA:27,0,0,0
BRDA:27,0,1,0
BRF:2
BRH:0
end_of_record
TN:
SF:src\models\transaction.model.js
FN:5,(anonymous_0)
FN:13,(anonymous_1)
FN:19,(anonymous_2)
FN:50,(anonymous_3)
FN:63,(anonymous_4)
FN:71,(anonymous_5)
FN:79,(anonymous_6)
FN:120,(anonymous_7)
FNF:8
FNH:0
FNDA:0,(anonymous_0)
FNDA:0,(anonymous_1)
FNDA:0,(anonymous_2)
FNDA:0,(anonymous_3)
FNDA:0,(anonymous_4)
FNDA:0,(anonymous_5)
FNDA:0,(anonymous_6)
FNDA:0,(anonymous_7)
DA:3,5
DA:7,0
DA:8,0
DA:9,0
DA:14,0
DA:15,0
DA:16,0
DA:30,0
DA:37,0
DA:46,0
DA:51,0
DA:58,0
DA:59,0
DA:65,0
DA:66,0
DA:67,0
DA:73,0
DA:74,0
DA:75,0
DA:80,0
DA:100,0
DA:102,0
DA:103,0
DA:104,0
DA:106,0
DA:107,0
DA:108,0
DA:110,0
DA:111,0
DA:112,0
DA:115,0
DA:116,0
DA:121,0
LF:33
LH:1
BRDA:79,0,0,0
BRDA:79,1,0,0
BRDA:102,2,0,0
BRDA:102,2,1,0
BRDA:102,3,0,0
BRDA:102,3,1,0
BRDA:106,4,0,0
BRDA:106,4,1,0
BRDA:110,5,0,0
BRDA:110,5,1,0
BRF:10
BRH:0
end_of_record
TN:
SF:src\routes\information.routes.js
FNF:0
FNH:0
DA:6,5
DA:8,5
DA:9,5
LF:3
LH:3
BRF:0
BRH:0
end_of_record
TN:
SF:src\routes\membership.routes.js
FNF:0
FNH:0
DA:8,5
DA:10,5
DA:11,5
DA:12,5
DA:13,5
DA:14,5
LF:6
LH:6
BRF:0
BRH:0
end_of_record
TN:
SF:src\routes\transaction.routes.js
FNF:0
FNH:0
DA:5,5
DA:7,5
DA:8,5
DA:9,5
DA:14,5
LF:5
LH:5
BRF:0
BRH:0
end_of_record
TN:
SF:src\utils\response.js
FN:2,(anonymous_0)
FN:17,(anonymous_1)
FNF:2
FNH:2
FNDA:1,(anonymous_0)
FNDA:50,(anonymous_1)
DA:2,7
DA:3,1
DA:9,1
DA:10,1
DA:13,1
DA:17,7
DA:18,50
LF:7
LH:7
BRDA:2,0,0,0
BRDA:9,1,0,1
BRDA:9,1,1,0
BRF:3
BRH:1
end_of_record
TN:
SF:src\utils\services.js
FN:3,(anonymous_0)
FNF:1
FNH:0
FNDA:0,(anonymous_0)
DA:3,5
DA:4,0
DA:5,0
DA:8,0
LF:4
LH:1
BRF:0
BRH:0
end_of_record
